  main.cpp
c:\users\tti13shenrit\documents\github\testings\win32project1\win32project1\main.cpp(40): warning C4996: 'fopen': This function or variable may be unsafe. Consider using fopen_s instead. To disable deprecation, use _CRT_SECURE_NO_WARNINGS. See online help for details.
          c:\program files (x86)\microsoft visual studio 12.0\vc\include\stdio.h(211) : see declaration of 'fopen'
c:\users\tti13shenrit\documents\github\testings\win32project1\win32project1\main.cpp(48): warning C4996: 'fscanf': This function or variable may be unsafe. Consider using fscanf_s instead. To disable deprecation, use _CRT_SECURE_NO_WARNINGS. See online help for details.
          c:\program files (x86)\microsoft visual studio 12.0\vc\include\stdio.h(230) : see declaration of 'fscanf'
c:\users\tti13shenrit\documents\github\testings\win32project1\win32project1\main.cpp(69): warning C4996: 'fscanf': This function or variable may be unsafe. Consider using fscanf_s instead. To disable deprecation, use _CRT_SECURE_NO_WARNINGS. See online help for details.
          c:\program files (x86)\microsoft visual studio 12.0\vc\include\stdio.h(230) : see declaration of 'fscanf'
c:\users\tti13shenrit\documents\github\testings\win32project1\win32project1\main.cpp(76): warning C4996: 'fscanf': This function or variable may be unsafe. Consider using fscanf_s instead. To disable deprecation, use _CRT_SECURE_NO_WARNINGS. See online help for details.
          c:\program files (x86)\microsoft visual studio 12.0\vc\include\stdio.h(230) : see declaration of 'fscanf'
c:\users\tti13shenrit\documents\github\testings\win32project1\win32project1\main.cpp(83): warning C4996: 'fscanf': This function or variable may be unsafe. Consider using fscanf_s instead. To disable deprecation, use _CRT_SECURE_NO_WARNINGS. See online help for details.
          c:\program files (x86)\microsoft visual studio 12.0\vc\include\stdio.h(230) : see declaration of 'fscanf'
c:\users\tti13shenrit\documents\github\testings\win32project1\win32project1\main.cpp(94): warning C4996: 'fscanf': This function or variable may be unsafe. Consider using fscanf_s instead. To disable deprecation, use _CRT_SECURE_NO_WARNINGS. See online help for details.
          c:\program files (x86)\microsoft visual studio 12.0\vc\include\stdio.h(230) : see declaration of 'fscanf'
c:\users\tti13shenrit\documents\github\testings\win32project1\win32project1\main.cpp(272): warning C4244: 'argument' : conversion from 'GLfloat' to 'GLint', possible loss of data
c:\users\tti13shenrit\documents\github\testings\win32project1\win32project1\main.cpp(540): warning C4244: 'initializing' : conversion from 'GLint' to 'GLfloat', possible loss of data
c:\users\tti13shenrit\documents\github\testings\win32project1\win32project1\main.cpp(574): warning C4244: 'initializing' : conversion from 'GLint' to 'GLfloat', possible loss of data
c:\users\tti13shenrit\documents\github\testings\win32project1\win32project1\main.cpp(575): warning C4244: 'argument' : conversion from 'GLfloat' to 'GLint', possible loss of data
c:\users\tti13shenrit\documents\github\testings\win32project1\win32project1\main.cpp(674): warning C4244: 'argument' : conversion from 'GLfloat' to 'GLint', possible loss of data
c:\users\tti13shenrit\documents\github\testings\win32project1\win32project1\main.cpp(692): warning C4244: 'argument' : conversion from 'GLfloat' to 'GLint', possible loss of data
  GLM: perspective function taking degrees as a parameter is deprecated. #define GLM_FORCE_RADIANS before including GLM headers to remove this message.
  GLM: rotate function taking degrees as a parameter is deprecated. #define GLM_FORCE_RADIANS before including GLM headers to remove this message.
c:\users\tti13shenrit\documents\github\testings\win32project1\win32project1\main.cpp(385): warning C4715: 'WndProc' : not all control paths return a value
c:\users\tti13shenrit\documents\github\testings\win32project1\win32project1\main.cpp(121): warning C4715: 'loadOBJ' : not all control paths return a value
  Win32Project1.vcxproj -> C:\Users\tti13shenrit\Documents\GitHub\testings\Win32Project1\Debug\Win32Project1.exe
